#
# A fatal error has been detected by the Java Runtime Environment:
#
#  EXCEPTION_ACCESS_VIOLATION (0xc0000005) at pc=0x00007ffbbb7a0d77, pid=16828, tid=20944
#
# JRE version: OpenJDK Runtime Environment Microsoft-12574423 (17.0.17+10) (build 17.0.17+10-LTS)
# Java VM: OpenJDK 64-Bit Server VM Microsoft-12574423 (17.0.17+10-LTS, mixed mode, sharing, tiered, compressed oops, compressed class ptrs, g1 gc, windows-amd64)
# Problematic frame:
# V  [jvm.dll+0x2e0d77]
#
# No core dump will be written. Minidumps are not enabled by default on client versions of Windows
#
# If you would like to submit a bug report, please visit:
#   https://github.com/microsoft/openjdk/issues
#

---------------  S U M M A R Y ------------

Command Line: -Dclassworlds.conf=C:\Program Files\JetBrains\IntelliJ IDEA Community Edition 2025.2.6.1\plugins\maven\lib\maven3\bin\m2.conf -Dmaven.home=C:\Program Files\JetBrains\IntelliJ IDEA Community Edition 2025.2.6.1\plugins\maven\lib\maven3 -Dlibrary.jansi.path=C:\Program Files\JetBrains\IntelliJ IDEA Community Edition 2025.2.6.1\plugins\maven\lib\maven3\lib\jansi-native -Dmaven.multiModuleProjectDirectory=D:\Intellij_Project\eCommerce\inventory-services org.codehaus.plexus.classworlds.launcher.Launcher -Didea.version=2025.2.6.1 -Dmaven.ext.class.path=C:\Program Files\JetBrains\IntelliJ IDEA Community Edition 2025.2.6.1\plugins\maven\lib\maven-event-listener.jar -Djansi.passthrough=true -Dstyle.color=always -DskipTests=true -Dmaven.repo.local=C:\Users\Shree\.m2\repository clean install

Host: Intel(R) Core(TM) i5-10310U CPU @ 1.70GHz, 8 cores, 14G,  Windows 11 , 64 bit Build 26100 (10.0.26100.7705)
Time: Mon Feb  9 11:03:54 2026 India Standard Time elapsed time: 23.709035 seconds (0d 0h 0m 23s)

---------------  T H R E A D  ---------------

Current thread (0x0000027216c350c0):  ConcurrentGCThread "G1 Conc#1" [stack: 0x000000cd4c800000,0x000000cd4c900000] [id=20944]

Stack: [0x000000cd4c800000,0x000000cd4c900000],  sp=0x000000cd4c8ffa40,  free space=1022k
Native frames: (J=compiled Java code, j=interpreted, Vv=VM code, C=native code)
V  [jvm.dll+0x2e0d77]  (no source info available)
V  [jvm.dll+0x2e0c3e]  (no source info available)
V  [jvm.dll+0x2ded7d]  (no source info available)
V  [jvm.dll+0x2de9c4]  (no source info available)
V  [jvm.dll+0x2f460c]  (no source info available)
V  [jvm.dll+0x2f0f61]  (no source info available)
V  [jvm.dll+0x2f288c]  (no source info available)
V  [jvm.dll+0x2f1892]  (no source info available)
V  [jvm.dll+0x2f5206]  (no source info available)
V  [jvm.dll+0x873cc8]  (no source info available)
V  [jvm.dll+0x873d16]  (no source info available)
V  [jvm.dll+0x7f5a5c]  (no source info available)
V  [jvm.dll+0x68d9f7]  (no source info available)
C  [ucrtbase.dll+0x37b0]  (no source info available)
C  [KERNEL32.DLL+0x2e8d7]  (no source info available)
C  [ntdll.dll+0x8c40c]  (no source info available)


siginfo: EXCEPTION_ACCESS_VIOLATION (0xc0000005), reading address 0x00000000000000c0


Registers:
RAX=0x0000000000000000, RBX=0x00000271ae605dd0, RCX=0x00000271ae5f2fc0, RDX=0x0000000000000000
RSP=0x000000cd4c8ffa40, RBP=0x0000000000000000, RSI=0x00000271ae5f2fc0, RDI=0x0000000000000080
R8 =0x0000000000000000, R9 =0x0000000000000080, R10=0x00000271ae5f2fc0, R11=0x0000000000000003
R12=0x0000000000000000, R13=0xaaaaaaaaaaaaaaab, R14=0x00000271d10512d0, R15=0x0000000718976088
RIP=0x00007ffbbb7a0d77, EFLAGS=0x0000000000010202

XMM[0]=0x0000000000000000 0x0000000000000000
XMM[1]=0x0000000000000000 0x0000000000000000
XMM[2]=0x0000000000000000 0x0000000000000000
XMM[3]=0x0000000000000000 0x0000000000000000
XMM[4]=0x0000000000000000 0x0000000000000000
XMM[5]=0x0000000000000000 0x0000000000000000
XMM[6]=0x0000000000000000 0x4000eb0643c851a8
XMM[7]=0x0000000000000000 0x408f400000000000
XMM[8]=0x0000000000000000 0x0000000000000000
XMM[9]=0x0000000000000000 0x0000000000000000
XMM[10]=0x0000000000000000 0x0000000000000000
XMM[11]=0x0000000000000000 0x0000000000000000
XMM[12]=0x0000000000000000 0x0000000000000000
XMM[13]=0x0000000000000000 0x0000000000000000
XMM[14]=0x0000000000000000 0x0000000000000000
XMM[15]=0x0000000000000000 0x0000000000000000
  MXCSR=0x00001fa0


Register to memory mapping:

RIP=0x00007ffbbb7a0d77 jvm.dll
RAX=0x0 is NULL
RBX=0x00000271ae605dd0 points into unknown readable memory: 0x00007ffbbbe27028 | 28 70 e2 bb fb 7f 00 00
RCX=0x00000271ae5f2fc0 points into unknown readable memory: 0x00000271ae602210 | 10 22 60 ae 71 02 00 00
RDX=0x0 is NULL
RSP=0x000000cd4c8ffa40 points into unknown readable memory: 0x0000000000000000 | 00 00 00 00 00 00 00 00
RBP=0x0 is NULL
RSI=0x00000271ae5f2fc0 points into unknown readable memory: 0x00000271ae602210 | 10 22 60 ae 71 02 00 00
RDI=0x0000000000000080 is an unknown value
R8 =0x0 is NULL
R9 =0x0000000000000080 is an unknown value
R10=0x00000271ae5f2fc0 points into unknown readable memory: 0x00000271ae602210 | 10 22 60 ae 71 02 00 00
R11=0x0000000000000003 is an unknown value
R12=0x0 is NULL
R13=0xaaaaaaaaaaaaaaab is an unknown value
R14={method} {0x00000271d10512d8} 'equals' '(Ljava/lang/Object;)Z' in 'java/lang/reflect/Method'
R15=0x0000000718976088 is an oop: java.lang.reflect.Method 
{0x0000000718976088} - klass: 'java/lang/reflect/Method'
 - ---- fields (total size 11 words):
 - 'override' 'Z' @12  false
 - volatile 'accessCheckCache' 'Ljava/lang/Object;' @16  NULL (0)
 - private volatile transient 'hasRealParameterData' 'Z' @13  false
 - private volatile transient 'parameters' '[Ljava/lang/reflect/Parameter;' @20  NULL (0)
 - private volatile transient 'declaredAnnotations' 'Ljava/util/Map;' @24  
[error occurred during error reporting (printing register info), id 0xc0000005, EXCEPTION_ACCESS_VIOLATION (0xc0000005) at pc=0x00007ffbbb85f32e]

Top of Stack: (sp=0x000000cd4c8ffa40)
0x000000cd4c8ffa40:   0000000000000000 00000000002887fa
0x000000cd4c8ffa50:   0000c883d8b93037 000000cd4c8ffbf0
0x000000cd4c8ffa60:   0000000000000080 00007ffbbb7a0c3e
0x000000cd4c8ffa70:   00000271ae605dd0 000000cd4c8ffbf0
0x000000cd4c8ffa80:   00000271d10512c0 00007ffbbbb47a9c
0x000000cd4c8ffa90:   00000007189760a4 00007ffbbb79ed7d
0x000000cd4c8ffaa0:   00000007189760a0 00007ffbbb79f23d
0x000000cd4c8ffab0:   000000cd4c8ffae0 00000271d10463b0
0x000000cd4c8ffac0:   000000cd4c8ffbd0 0000000000000000
0x000000cd4c8ffad0:   0000000718976088 00007ffbbb79e9c4
0x000000cd4c8ffae0:   00000271d1050e80 000000000000000b
0x000000cd4c8ffaf0:   000000cd4c8ffbf0 0000000000000000
0x000000cd4c8ffb00:   0000000718976088 00007ffbbb7b460c
0x000000cd4c8ffb10:   0000000718976088 00000271ae5f2fd0
0x000000cd4c8ffb20:   00000271ae605dd0 00007ffbbbbb0ee4
0x000000cd4c8ffb30:   000000cd4c8ffbd0 00007ffbbb7b0f61
0x000000cd4c8ffb40:   000000000036ec11 0000000718976088
0x000000cd4c8ffb50:   00000271ae5f2fd0 000000cd4c8ffbd0
0x000000cd4c8ffb60:   0000000000380000 00007ffbbb7b288c
0x000000cd4c8ffb70:   0000000718976040 000000000036ec11
0x000000cd4c8ffb80:   00007ffbbbe27b30 00000271ae605dd0
0x000000cd4c8ffb90:   0000000000000001 0000000000000000
0x000000cd4c8ffba0:   00000271ae605dd0 00007ffbbb7b1892
0x000000cd4c8ffbb0:   00000271ae605e68 000000cd4adff401
0x000000cd4c8ffbc0:   00000271ae605e68 0000027216022f90
0x000000cd4c8ffbd0:   00000271ae5f2fc0 00000271ae605dd0
0x000000cd4c8ffbe0:   000000071889f510 000000000002c15e
0x000000cd4c8ffbf0:   00007ffbbbe27048 00000271d019cd30
0x000000cd4c8ffc00:   0000027100000003 00000271ae599170
0x000000cd4c8ffc10:   00000271ae605dd0 00007ffbbbb47a9c
0x000000cd4c8ffc20:   c215b08487ff1fbe 0000000000000000
0x000000cd4c8ffc30:   0000000000000000 0000000000000000 

Instructions: (pc=0x00007ffbbb7a0d77)
0x00007ffbbb7a0c77:   3b f9 0f 83 ca 00 00 00 80 3d 56 aa 8b 00 00 74
0x00007ffbbb7a0c87:   15 8b 47 08 8b 0d 77 e6 84 00 48 d3 e0 48 03 05
0x00007ffbbb7a0c97:   65 e6 84 00 eb 04 48 8b 47 08 81 78 08 00 00 00
0x00007ffbbb7a0ca7:   c0 72 35 48 8b 83 a8 00 00 00 48 39 83 a0 00 00
0x00007ffbbb7a0cb7:   00 73 10 48 8b 83 c0 00 00 00 48 39 83 b8 00 00
0x00007ffbbb7a0cc7:   00 72 7f 48 8b cb e8 ce 2a 01 00 b0 01 48 8b 5c
0x00007ffbbb7a0cd7:   24 30 48 83 c4 20 5f c3 48 8b 53 30 44 8b 82 80
0x00007ffbbb7a0ce7:   00 00 00 8b 82 00 01 00 00 41 8b c8 2b c8 81 e1
0x00007ffbbb7a0cf7:   ff ff 01 00 81 f9 fe ff 01 00 72 2c 48 8b cb e8
0x00007ffbbb7a0d07:   35 1e 01 00 48 8b 53 30 44 8b 82 80 00 00 00 8b
0x00007ffbbb7a0d17:   82 00 01 00 00 41 8b c8 2b c8 81 e1 ff ff 01 00
0x00007ffbbb7a0d27:   81 f9 fe ff 01 00 73 1a 48 8b 82 80 01 00 00 4a
0x00007ffbbb7a0d37:   89 3c c0 41 8d 40 01 25 ff ff 01 00 89 82 80 00
0x00007ffbbb7a0d47:   00 00 48 8b 5c 24 30 b0 01 48 83 c4 20 5f c3 cc
0x00007ffbbb7a0d57:   cc cc cc cc cc cc cc cc cc 48 89 6c 24 10 48 89
0x00007ffbbb7a0d67:   74 24 18 57 48 83 ec 20 49 8b f9 8b ea 48 8b f1
0x00007ffbbb7a0d77:   4d 3b 88 c0 00 00 00 72 12 32 c0 48 8b 6c 24 38
0x00007ffbbb7a0d87:   48 8b 74 24 40 48 83 c4 20 5f c3 48 89 5c 24 30
0x00007ffbbb7a0d97:   48 8b d7 48 8b 99 98 00 00 00 48 8b cb 48 8b 03
0x00007ffbbb7a0da7:   ff 10 8b 4b 18 48 8b d7 48 2b 53 08 48 8b 43 20
0x00007ffbbb7a0db7:   48 c1 ea 03 48 d3 ea 48 8b ca 48 c1 e9 06 4c 8d
0x00007ffbbb7a0dc7:   04 c8 0f b6 ca 49 8b 00 ba 01 00 00 00 48 d3 e2
0x00007ffbbb7a0dd7:   48 8b c8 48 0b ca 48 3b c8 74 12 f0 49 0f b1 08
0x00007ffbbb7a0de7:   74 25 48 8b c8 48 0b ca 48 3b c8 75 ee 32 db 48
0x00007ffbbb7a0df7:   8b 6c 24 38 0f b6 c3 48 8b 5c 24 30 48 8b 74 24
0x00007ffbbb7a0e07:   40 48 83 c4 20 5f c3 80 3d c7 a8 8b 00 00 b3 01
0x00007ffbbb7a0e17:   74 15 8b 57 08 8b 0d e6 e4 84 00 48 d3 e2 48 03
0x00007ffbbb7a0e27:   15 d4 e4 84 00 eb 04 48 8b 57 08 48 8b cf e8 e6
0x00007ffbbb7a0e37:   b5 d2 ff 48 8b 8e 08 03 00 00 4c 63 d8 4c 8b 0c
0x00007ffbbb7a0e47:   e9 49 8b 51 18 8b 8a c8 01 00 00 4c 8b 82 c0 01
0x00007ffbbb7a0e57:   00 00 41 8b 51 60 49 d3 e0 8b 0d 9a b2 8b 00 49
0x00007ffbbb7a0e67:   2b f8 48 d3 ef 44 8b d7 49 23 d2 48 c1 e2 04 49 


Stack slot to memory mapping:
stack at sp + 0 slots: 0x0 is NULL
stack at sp + 1 slots: 0x00000000002887fa is an unknown value
stack at sp + 2 slots: 0x0000c883d8b93037 is an unknown value
stack at sp + 3 slots: 0x000000cd4c8ffbf0 points into unknown readable memory: 0x00007ffbbbe27048 | 48 70 e2 bb fb 7f 00 00
stack at sp + 4 slots: 0x0000000000000080 is an unknown value
stack at sp + 5 slots: 0x00007ffbbb7a0c3e jvm.dll
stack at sp + 6 slots: 0x00000271ae605dd0 points into unknown readable memory: 0x00007ffbbbe27028 | 28 70 e2 bb fb 7f 00 00
stack at sp + 7 slots: 0x000000cd4c8ffbf0 points into unknown readable memory: 0x00007ffbbbe27048 | 48 70 e2 bb fb 7f 00 00


---------------  P R O C E S S  ---------------

Threads class SMR info:
_java_thread_list=0x00000272176dd4c0, length=15, elements={
0x00000271ae586a80, 0x00000271d02d5160, 0x00000271d02d5a30, 0x00000271d094fdb0,
0x00000271d0950680, 0x00000271d0950f50, 0x00000271d0953830, 0x00000271d095f940,
0x00000271d0981270, 0x00000271d0981b80, 0x00000271d0ac79d0, 0x00000271d0ad1560,
0x0000027216ecd280, 0x0000027217156a00, 0x000002721660f040
}

Java Threads: ( => current thread )
  0x00000271ae586a80 JavaThread "main" [_thread_in_native, id=2380, stack(0x000000cd4ab00000,0x000000cd4ac00000)]
  0x00000271d02d5160 JavaThread "Reference Handler" daemon [_thread_blocked, id=8088, stack(0x000000cd4b200000,0x000000cd4b300000)]
  0x00000271d02d5a30 JavaThread "Finalizer" daemon [_thread_blocked, id=2452, stack(0x000000cd4b300000,0x000000cd4b400000)]
  0x00000271d094fdb0 JavaThread "Signal Dispatcher" daemon [_thread_blocked, id=18004, stack(0x000000cd4b400000,0x000000cd4b500000)]
  0x00000271d0950680 JavaThread "Attach Listener" daemon [_thread_blocked, id=8716, stack(0x000000cd4b500000,0x000000cd4b600000)]
  0x00000271d0950f50 JavaThread "Service Thread" daemon [_thread_blocked, id=14692, stack(0x000000cd4b600000,0x000000cd4b700000)]
  0x00000271d0953830 JavaThread "Monitor Deflation Thread" daemon [_thread_blocked, id=17636, stack(0x000000cd4b700000,0x000000cd4b800000)]
  0x00000271d095f940 JavaThread "C2 CompilerThread0" daemon [_thread_in_native, id=7072, stack(0x000000cd4b800000,0x000000cd4b900000)]
  0x00000271d0981270 JavaThread "C1 CompilerThread0" daemon [_thread_blocked, id=1732, stack(0x000000cd4b900000,0x000000cd4ba00000)]
  0x00000271d0981b80 JavaThread "Sweeper thread" daemon [_thread_blocked, id=8072, stack(0x000000cd4ba00000,0x000000cd4bb00000)]
  0x00000271d0ac79d0 JavaThread "Notification Thread" daemon [_thread_blocked, id=22652, stack(0x000000cd4bb00000,0x000000cd4bc00000)]
  0x00000271d0ad1560 JavaThread "Common-Cleaner" daemon [_thread_blocked, id=9960, stack(0x000000cd4bd00000,0x000000cd4be00000)]
  0x0000027216ecd280 JavaThread "Thread-1" daemon [_thread_blocked, id=2336, stack(0x000000cd4c700000,0x000000cd4c800000)]
  0x0000027217156a00 JavaThread "C2 CompilerThread1" daemon [_thread_in_native, id=23048, stack(0x000000cd4ca00000,0x000000cd4cb00000)]
  0x000002721660f040 JavaThread "C2 CompilerThread2" daemon [_thread_in_native, id=8084, stack(0x000000cd4cb00000,0x000000cd4cc00000)]

Other Threads:
  0x00000271d02d0e00 VMThread "VM Thread" [stack: 0x000000cd4b100000,0x000000cd4b200000] [id=11408]
  0x00000271d0ac8cd0 WatcherThread [stack: 0x000000cd4bc00000,0x000000cd4bd00000] [id=14020]
  0x00000271ae5f1b80 GCTaskThread "GC Thread#0" [stack: 0x000000cd4ac00000,0x000000cd4ad00000] [id=2444]
  0x00000272168bf8a0 GCTaskThread "GC Thread#1" [stack: 0x000000cd4c000000,0x000000cd4c100000] [id=11576]
  0x0000027216a94350 GCTaskThread "GC Thread#2" [stack: 0x000000cd4c100000,0x000000cd4c200000] [id=12160]
  0x0000027216a94620 GCTaskThread "GC Thread#3" [stack: 0x000000cd4c200000,0x000000cd4c300000] [id=22208]
  0x0000027216a948f0 GCTaskThread "GC Thread#4" [stack: 0x000000cd4c300000,0x000000cd4c400000] [id=10344]
  0x00000272169a9970 GCTaskThread "GC Thread#5" [stack: 0x000000cd4c400000,0x000000cd4c500000] [id=2332]
  0x00000272169a9c40 GCTaskThread "GC Thread#6" [stack: 0x000000cd4c500000,0x000000cd4c600000] [id=9376]
  0x0000027216a21420 GCTaskThread "GC Thread#7" [stack: 0x000000cd4bf00000,0x000000cd4c000000] [id=15808]
  0x00000271ae602210 ConcurrentGCThread "G1 Main Marker" [stack: 0x000000cd4ad00000,0x000000cd4ae00000] [id=3868]
  0x00000271ae603710 ConcurrentGCThread "G1 Conc#0" [stack: 0x000000cd4ae00000,0x000000cd4af00000] [id=19092]
=>0x0000027216c350c0 ConcurrentGCThread "G1 Conc#1" [stack: 0x000000cd4c800000,0x000000cd4c900000] [id=20944]
  0x00000271ae63e070 ConcurrentGCThread "G1 Refine#0" [stack: 0x000000cd4af00000,0x000000cd4b000000] [id=21584]
  0x000002721643e670 ConcurrentGCThread "G1 Refine#1" [stack: 0x000000cd4be00000,0x000000cd4bf00000] [id=7540]
  0x000002721643e970 ConcurrentGCThread "G1 Refine#2" [stack: 0x000000cd4c900000,0x000000cd4ca00000] [id=15528]
  0x00000271ae63e760 ConcurrentGCThread "G1 Service" [stack: 0x000000cd4b000000,0x000000cd4b100000] [id=1948]

Threads with active compile tasks:
C2 CompilerThread0  23836 8264       4       com.sun.tools.javac.code.Symtab::enterClass (71 bytes)
C2 CompilerThread1  23836 8263       4       com.sun.tools.javac.jvm.PoolReader::resolve (344 bytes)
C2 CompilerThread2  23836 8525       4       org.eclipse.sisu.bean.DeclaredMembers$MemberIterator::hasNext (97 bytes)

VM state: not at safepoint (normal execution)

VM Mutex/Monitor currently owned by a thread: None

Heap address: 0x0000000716e00000, size: 3730 MB, Compressed Oops mode: Zero based, Oop shift amount: 3

CDS archive(s) mapped at: [0x00000271d1000000-0x00000271d1bb0000-0x00000271d1bb0000), size 12255232, SharedBaseAddress: 0x00000271d1000000, ArchiveRelocationMode: 1.
Compressed class space mapped at: 0x00000271d2000000-0x0000027212000000, reserved size: 1073741824
Narrow klass base: 0x00000271d1000000, Narrow klass shift: 0, Narrow klass range: 0x100000000

GC Precious Log:
 CPUs: 8 total, 8 available
 Memory: 14912M
 Large Page Support: Disabled
 NUMA Support: Disabled
 Compressed Oops: Enabled (Zero based)
 Heap Region Size: 2M
 Heap Min Capacity: 8M
 Heap Initial Capacity: 234M
 Heap Max Capacity: 3730M
 Pre-touch: Disabled
 Parallel Workers: 8
 Concurrent Workers: 2
 Concurrent Refinement Workers: 8
 Periodic GC: Disabled

Heap:
 garbage-first heap   total 161792K, used 54947K [0x0000000716e00000, 0x0000000800000000)
  region size 2048K, 4 young (8192K), 2 survivors (4096K)
 Metaspace       used 38954K, committed 39424K, reserved 1114112K
  class space    used 4485K, committed 4736K, reserved 1048576K

Heap Regions: E=young(eden), S=young(survivor), O=old, HS=humongous(starts), HC=humongous(continues), CS=collection set, F=free, OA=open archive, CA=closed archive, TAMS=top-at-mark-start (previous, next)
|   0|0x0000000716e00000, 0x0000000717000000, 0x0000000717000000|100%| O|  |TAMS 0x0000000717000000, 0x0000000717000000| Untracked 
|   1|0x0000000717000000, 0x0000000717200000, 0x0000000717200000|100%| O|  |TAMS 0x0000000717200000, 0x0000000717200000| Untracked 
|   2|0x0000000717200000, 0x0000000717400000, 0x0000000717400000|100%| O|  |TAMS 0x0000000717400000, 0x0000000717400000| Untracked 
|   3|0x0000000717400000, 0x0000000717600000, 0x0000000717600000|100%| O|  |TAMS 0x0000000717600000, 0x0000000717600000| Untracked 
|   4|0x0000000717600000, 0x0000000717800000, 0x0000000717800000|100%| O|  |TAMS 0x0000000717800000, 0x0000000717800000| Untracked 
|   5|0x0000000717800000, 0x0000000717a00000, 0x0000000717a00000|100%| O|  |TAMS 0x0000000717a00000, 0x0000000717a00000| Untracked 
|   6|0x0000000717a00000, 0x0000000717c00000, 0x0000000717c00000|100%| O|  |TAMS 0x0000000717c00000, 0x0000000717c00000| Untracked 
|   7|0x0000000717c00000, 0x0000000717e00000, 0x0000000717e00000|100%| O|  |TAMS 0x0000000717e00000, 0x0000000717e00000| Untracked 
|   8|0x0000000717e00000, 0x0000000718000000, 0x0000000718000000|100%| O|  |TAMS 0x0000000718000000, 0x0000000718000000| Untracked 
|   9|0x0000000718000000, 0x0000000718200000, 0x0000000718200000|100%| O|  |TAMS 0x0000000718200000, 0x0000000718200000| Untracked 
|  10|0x0000000718200000, 0x0000000718400000, 0x0000000718400000|100%| O|  |TAMS 0x0000000718400000, 0x0000000718400000| Untracked 
|  11|0x0000000718400000, 0x0000000718600000, 0x0000000718600000|100%|HS|  |TAMS 0x0000000718600000, 0x0000000718600000| Complete 
|  12|0x0000000718600000, 0x0000000718800000, 0x0000000718800000|100%| O|  |TAMS 0x0000000718800000, 0x0000000718800000| Untracked 
|  13|0x0000000718800000, 0x0000000718a00000, 0x0000000718a00000|100%| O|  |TAMS 0x0000000718a00000, 0x0000000718a00000| Untracked 
|  14|0x0000000718a00000, 0x0000000718c00000, 0x0000000718c00000|100%| O|  |TAMS 0x0000000718c00000, 0x0000000718c00000| Untracked 
|  15|0x0000000718c00000, 0x0000000718e00000, 0x0000000718e00000|100%| O|  |TAMS 0x0000000718e00000, 0x0000000718e00000| Untracked 
|  16|0x0000000718e00000, 0x0000000719000000, 0x0000000719000000|100%| O|  |TAMS 0x0000000719000000, 0x0000000719000000| Untracked 
|  17|0x0000000719000000, 0x0000000719200000, 0x0000000719200000|100%| O|  |TAMS 0x0000000719200000, 0x0000000719200000| Untracked 
|  18|0x0000000719200000, 0x0000000719400000, 0x0000000719400000|100%| O|  |TAMS 0x0000000719400000, 0x0000000719400000| Untracked 
|  19|0x0000000719400000, 0x0000000719600000, 0x0000000719600000|100%| O|  |TAMS 0x0000000719600000, 0x0000000719600000| Untracked 
|  20|0x0000000719600000, 0x0000000719800000, 0x0000000719800000|100%| O|  |TAMS 0x0000000719800000, 0x0000000719800000| Untracked 
|  21|0x0000000719800000, 0x0000000719a00000, 0x0000000719a00000|100%| O|  |TAMS 0x0000000719a00000, 0x0000000719a00000| Untracked 
|  22|0x0000000719a00000, 0x0000000719c00000, 0x0000000719c00000|100%| O|  |TAMS 0x0000000719c00000, 0x0000000719c00000| Untracked 
|  23|0x0000000719c00000, 0x0000000719e00000, 0x0000000719e00000|100%| O|  |TAMS 0x0000000719ce2a00, 0x0000000719e00000| Untracked 
|  24|0x0000000719e00000, 0x0000000719ef8400, 0x000000071a000000| 48%| O|  |TAMS 0x0000000719e00000, 0x0000000719ef8400| Untracked 
|  25|0x000000071a000000, 0x000000071a000000, 0x000000071a200000|  0%| F|  |TAMS 0x000000071a000000, 0x000000071a000000| Untracked 
|  26|0x000000071a200000, 0x000000071a200000, 0x000000071a400000|  0%| F|  |TAMS 0x000000071a200000, 0x000000071a200000| Untracked 
|  27|0x000000071a400000, 0x000000071a400000, 0x000000071a600000|  0%| F|  |TAMS 0x000000071a400000, 0x000000071a400000| Untracked 
|  28|0x000000071a600000, 0x000000071a600000, 0x000000071a800000|  0%| F|  |TAMS 0x000000071a600000, 0x000000071a600000| Untracked 
|  29|0x000000071a800000, 0x000000071a800000, 0x000000071aa00000|  0%| F|  |TAMS 0x000000071a800000, 0x000000071a800000| Untracked 
|  30|0x000000071aa00000, 0x000000071aa00000, 0x000000071ac00000|  0%| F|  |TAMS 0x000000071aa00000, 0x000000071aa00000| Untracked 
|  31|0x000000071ac00000, 0x000000071ac00000, 0x000000071ae00000|  0%| F|  |TAMS 0x000000071ac00000, 0x000000071ac00000| Untracked 
|  32|0x000000071ae00000, 0x000000071ae00000, 0x000000071b000000|  0%| F|  |TAMS 0x000000071ae00000, 0x000000071ae00000| Untracked 
|  33|0x000000071b000000, 0x000000071b000000, 0x000000071b200000|  0%| F|  |TAMS 0x000000071b000000, 0x000000071b000000| Untracked 
|  34|0x000000071b200000, 0x000000071b2b0910, 0x000000071b400000| 34%| S|CS|TAMS 0x000000071b200000, 0x000000071b200000| Complete 
|  35|0x000000071b400000, 0x000000071b600000, 0x000000071b600000|100%| S|CS|TAMS 0x000000071b400000, 0x000000071b400000| Complete 
|  36|0x000000071b600000, 0x000000071b600000, 0x000000071b800000|  0%| F|  |TAMS 0x000000071b600000, 0x000000071b600000| Untracked 
|  37|0x000000071b800000, 0x000000071b800000, 0x000000071ba00000|  0%| F|  |TAMS 0x000000071b800000, 0x000000071b800000| Untracked 
|  38|0x000000071ba00000, 0x000000071ba00000, 0x000000071bc00000|  0%| F|  |TAMS 0x000000071ba00000, 0x000000071ba00000| Untracked 
|  39|0x000000071bc00000, 0x000000071bc00000, 0x000000071be00000|  0%| F|  |TAMS 0x000000071bc00000, 0x000000071bc00000| Untracked 
|  40|0x000000071be00000, 0x000000071be00000, 0x000000071c000000|  0%| F|  |TAMS 0x000000071be00000, 0x000000071be00000| Untracked 
|  41|0x000000071c000000, 0x000000071c000000, 0x000000071c200000|  0%| F|  |TAMS 0x000000071c000000, 0x000000071c000000| Untracked 
|  42|0x000000071c200000, 0x000000071c200000, 0x000000071c400000|  0%| F|  |TAMS 0x000000071c200000, 0x000000071c200000| Untracked 
|  43|0x000000071c400000, 0x000000071c400000, 0x000000071c600000|  0%| F|  |TAMS 0x000000071c400000, 0x000000071c400000| Untracked 
|  44|0x000000071c600000, 0x000000071c600000, 0x000000071c800000|  0%| F|  |TAMS 0x000000071c600000, 0x000000071c600000| Untracked 
|  45|0x000000071c800000, 0x000000071c800000, 0x000000071ca00000|  0%| F|  |TAMS 0x000000071c800000, 0x000000071c800000| Untracked 
|  46|0x000000071ca00000, 0x000000071ca00000, 0x000000071cc00000|  0%| F|  |TAMS 0x000000071ca00000, 0x000000071ca00000| Untracked 
|  47|0x000000071cc00000, 0x000000071cc00000, 0x000000071ce00000|  0%| F|  |TAMS 0x000000071cc00000, 0x000000071cc00000| Untracked 
|  48|0x000000071ce00000, 0x000000071ce00000, 0x000000071d000000|  0%| F|  |TAMS 0x000000071ce00000, 0x000000071ce00000| Untracked 
|  49|0x000000071d000000, 0x000000071d000000, 0x000000071d200000|  0%| F|  |TAMS 0x000000071d000000, 0x000000071d000000| Untracked 
|  50|0x000000071d200000, 0x000000071d200000, 0x000000071d400000|  0%| F|  |TAMS 0x000000071d200000, 0x000000071d200000| Untracked 
|  51|0x000000071d400000, 0x000000071d400000, 0x000000071d600000|  0%| F|  |TAMS 0x000000071d400000, 0x000000071d400000| Untracked 
|  52|0x000000071d600000, 0x000000071d600000, 0x000000071d800000|  0%| F|  |TAMS 0x000000071d600000, 0x000000071d600000| Untracked 
|  53|0x000000071d800000, 0x000000071d800000, 0x000000071da00000|  0%| F|  |TAMS 0x000000071d800000, 0x000000071d800000| Untracked 
|  54|0x000000071da00000, 0x000000071da00000, 0x000000071dc00000|  0%| F|  |TAMS 0x000000071da00000, 0x000000071da00000| Untracked 
|  55|0x000000071dc00000, 0x000000071dc00000, 0x000000071de00000|  0%| F|  |TAMS 0x000000071dc00000, 0x000000071dc00000| Untracked 
|  56|0x000000071de00000, 0x000000071de00000, 0x000000071e000000|  0%| F|  |TAMS 0x000000071de00000, 0x000000071de00000| Untracked 
|  57|0x000000071e000000, 0x000000071e000000, 0x000000071e200000|  0%| F|  |TAMS 0x000000071e000000, 0x000000071e000000| Untracked 
|  58|0x000000071e200000, 0x000000071e200000, 0x000000071e400000|  0%| F|  |TAMS 0x000000071e200000, 0x000000071e200000| Untracked 
|  59|0x000000071e400000, 0x000000071e400000, 0x000000071e600000|  0%| F|  |TAMS 0x000000071e400000, 0x000000071e400000| Untracked 
|  60|0x000000071e600000, 0x000000071e600000, 0x000000071e800000|  0%| F|  |TAMS 0x000000071e600000, 0x000000071e600000| Untracked 
|  61|0x000000071e800000, 0x000000071e800000, 0x000000071ea00000|  0%| F|  |TAMS 0x000000071e800000, 0x000000071e800000| Untracked 
|  62|0x000000071ea00000, 0x000000071ea00000, 0x000000071ec00000|  0%| F|  |TAMS 0x000000071ea00000, 0x000000071ea00000| Untracked 
|  63|0x000000071ec00000, 0x000000071ec00000, 0x000000071ee00000|  0%| F|  |TAMS 0x000000071ec00000, 0x000000071ec00000| Untracked 
|  64|0x000000071ee00000, 0x000000071ee00000, 0x000000071f000000|  0%| F|  |TAMS 0x000000071ee00000, 0x000000071ee00000| Untracked 
|  65|0x000000071f000000, 0x000000071f000000, 0x000000071f200000|  0%| F|  |TAMS 0x000000071f000000, 0x000000071f000000| Untracked 
|  66|0x000000071f200000, 0x000000071f200000, 0x000000071f400000|  0%| F|  |TAMS 0x000000071f200000, 0x000000071f200000| Untracked 
|  67|0x000000071f400000, 0x000000071f400000, 0x000000071f600000|  0%| F|  |TAMS 0x000000071f400000, 0x000000071f400000| Untracked 
|  68|0x000000071f600000, 0x000000071f600000, 0x000000071f800000|  0%| F|  |TAMS 0x000000071f600000, 0x000000071f600000| Untracked 
|  69|0x000000071f800000, 0x000000071f800000, 0x000000071fa00000|  0%| F|  |TAMS 0x000000071f800000, 0x000000071f800000| Untracked 
|  70|0x000000071fa00000, 0x000000071fa00000, 0x000000071fc00000|  0%| F|  |TAMS 0x000000071fa00000, 0x000000071fa00000| Untracked 
|  71|0x000000071fc00000, 0x000000071fc00000, 0x000000071fe00000|  0%| F|  |TAMS 0x000000071fc00000, 0x000000071fc00000| Untracked 
|  72|0x000000071fe00000, 0x000000071fe00000, 0x0000000720000000|  0%| F|  |TAMS 0x000000071fe00000, 0x000000071fe00000| Untracked 
|  73|0x0000000720000000, 0x0000000720000000, 0x0000000720200000|  0%| F|  |TAMS 0x0000000720000000, 0x0000000720000000| Untracked 
|  74|0x0000000720200000, 0x0000000720200000, 0x0000000720400000|  0%| F|  |TAMS 0x0000000720200000, 0x0000000720200000| Untracked 
|  75|0x0000000720400000, 0x0000000720400000, 0x0000000720600000|  0%| F|  |TAMS 0x0000000720400000, 0x0000000720400000| Untracked 
|  76|0x0000000720600000, 0x0000000720600000, 0x0000000720800000|  0%| F|  |TAMS 0x0000000720600000, 0x0000000720600000| Untracked 
|  77|0x0000000720800000, 0x0000000720a00000, 0x0000000720a00000|100%| E|  |TAMS 0x0000000720800000, 0x0000000720800000| Complete 
| 116|0x0000000725600000, 0x0000000725800000, 0x0000000725800000|100%| E|CS|TAMS 0x0000000725600000, 0x0000000725600000| Complete 

Card table byte_map: [0x00000271c5b80000,0x00000271c62d0000] _byte_map_base: 0x00000271c22c9000

Marking Bits (Prev, Next): (CMBitMap*) 0x00000271ae5f3010, (CMBitMap*) 0x00000271ae5f2fd0
 Prev Bits: [0x00000271ca470000, 0x00000271cdeb8000)
 Next Bits: [0x00000271c6a20000, 0x00000271ca468000)

Polling page: 0x00000271ac760000

Metaspace:

Usage:
  Non-class:     33.66 MB used.
      Class:      4.38 MB used.
       Both:     38.04 MB used.

Virtual space:
  Non-class space:       64.00 MB reserved,      33.88 MB ( 53%) committed,  1 nodes.
      Class space:        1.00 GB reserved,       4.62 MB ( <1%) committed,  1 nodes.
             Both:        1.06 GB reserved,      38.50 MB (  4%) committed. 

Chunk freelists:
   Non-Class:  13.72 MB
       Class:  11.31 MB
        Both:  25.03 MB

MaxMetaspaceSize: unlimited
CompressedClassSpaceSize: 1.00 GB
Initial GC threshold: 21.00 MB
Current GC threshold: 59.50 MB
CDS: on
MetaspaceReclaimPolicy: balanced
 - commit_granule_bytes: 65536.
 - commit_granule_words: 8192.
 - virtual_space_node_default_size: 8388608.
 - enlarge_chunks_in_place: 1.
 - new_chunks_are_fully_committed: 0.
 - uncommit_free_chunks: 1.
 - use_allocation_guard: 0.
 - handle_deallocations: 1.


Internal statistics:

num_allocs_failed_limit: 3.
num_arena_births: 288.
num_arena_deaths: 0.
num_vsnodes_births: 2.
num_vsnodes_deaths: 0.
num_space_committed: 616.
num_space_uncommitted: 0.
num_chunks_returned_to_freelist: 3.
num_chunks_taken_from_freelist: 1586.
num_chunk_merges: 0.
num_chunk_splits: 1052.
num_chunks_enlarged: 770.
num_inconsistent_stats: 0.

CodeHeap 'non-profiled nmethods': size=120000Kb used=4411Kb max_used=4411Kb free=115588Kb
 bounds [0x00000271bdbd0000, 0x00000271be020000, 0x00000271c5100000]
CodeHeap 'profiled nmethods': size=120000Kb used=16737Kb max_used=16737Kb free=103262Kb
 bounds [0x00000271b6100000, 0x00000271b7160000, 0x00000271bd630000]
CodeHeap 'non-nmethods': size=5760Kb used=1262Kb max_used=1345Kb free=4497Kb
 bounds [0x00000271bd630000, 0x00000271bd8a0000, 0x00000271bdbd0000]
 total_blobs=8210 nmethods=7638 adapters=484
 compilation: enabled
              stopped_count=0, restarted_count=0
 full_count=0

Compilation events (20 events):
Event: 23.664 Thread 0x00000271d0981270 8495       3       com.sun.tools.javac.jvm.PoolWriter$SharedSignatureGenerator::assembleSig (66 bytes)
Event: 23.665 Thread 0x00000271d0981270 nmethod 8495 0x00000271b7135510 code [0x00000271b7135780, 0x00000271b71362d8]
Event: 23.665 Thread 0x00000271d0981270 8496       3       com.sun.tools.javac.code.Types$UniqueType::hashCode (12 bytes)
Event: 23.666 Thread 0x00000271d0981270 nmethod 8496 0x00000271b7136690 code [0x00000271b7136860, 0x00000271b7136cc8]
Event: 23.666 Thread 0x00000271d0981270 8497   !   3       com.sun.tools.javac.comp.DeferredAttr$DeferredAttrContext::complete (165 bytes)
Event: 23.668 Thread 0x00000271d0981270 nmethod 8497 0x00000271b7136e90 code [0x00000271b7137220, 0x00000271b7138d28]
Event: 23.668 Thread 0x00000271d0981270 8499       3       com.sun.tools.javac.jvm.PoolWriter::enterInner (86 bytes)
Event: 23.669 Thread 0x00000271d0981270 nmethod 8499 0x00000271b7139610 code [0x00000271b7139900, 0x00000271b713a898]
Event: 23.669 Thread 0x00000271d0981270 8501       3       com.sun.tools.javac.util.ByteBuffer::reset (6 bytes)
Event: 23.670 Thread 0x00000271d0981270 nmethod 8501 0x00000271b713ae10 code [0x00000271b713afa0, 0x00000271b713b0b8]
Event: 23.670 Thread 0x00000271d0981270 8502       3       com.sun.tools.javac.jvm.Items$Item::coerce (99 bytes)
Event: 23.670 Thread 0x00000271d0981270 nmethod 8502 0x00000271b713b190 code [0x00000271b713b380, 0x00000271b713b968]
Event: 23.671 Thread 0x00000271d0981270 8500       3       com.sun.tools.javac.jvm.ClassFile::externalize (16 bytes)
Event: 23.671 Thread 0x00000271d0981270 nmethod 8500 0x00000271b713bb90 code [0x00000271b713bd40, 0x00000271b713bf48]
Event: 23.671 Thread 0x00000271d0981270 8498       1       com.sun.tools.javac.code.SymbolMetadata::getTypeAttributes (5 bytes)
Event: 23.671 Thread 0x00000271d0981270 nmethod 8498 0x00000271be016a90 code [0x00000271be016c20, 0x00000271be016cf8]
Event: 23.671 Thread 0x00000271d0981270 8492       3       com.sun.tools.javac.comp.TransTypes::erasure (9 bytes)
Event: 23.672 Thread 0x00000271d0981270 nmethod 8492 0x00000271b713c110 code [0x00000271b713c320, 0x00000271b713cae8]
Event: 23.685 Thread 0x00000271d0981270 8503  s    3       java.util.zip.Inflater$InflaterZStreamRef::run (21 bytes)
Event: 23.685 Thread 0x00000271d0981270 nmethod 8503 0x00000271b713cd90 code [0x00000271b713cf40, 0x00000271b713d168]

GC Heap History (20 events):
Event: 18.482 GC heap before
{Heap before GC invocations=7 (full 0):
 garbage-first heap   total 69632K, used 51071K [0x0000000716e00000, 0x0000000800000000)
  region size 2048K, 15 young (30720K), 1 survivors (2048K)
 Metaspace       used 25209K, committed 25536K, reserved 1114112K
  class space    used 2866K, committed 3008K, reserved 1048576K
}
Event: 18.490 GC heap after
{Heap after GC invocations=8 (full 0):
 garbage-first heap   total 69632K, used 22699K [0x0000000716e00000, 0x0000000800000000)
  region size 2048K, 2 young (4096K), 2 survivors (4096K)
 Metaspace       used 25209K, committed 25536K, reserved 1114112K
  class space    used 2866K, committed 3008K, reserved 1048576K
}
Event: 19.721 GC heap before
{Heap before GC invocations=8 (full 0):
 garbage-first heap   total 69632K, used 51371K [0x0000000716e00000, 0x0000000800000000)
  region size 2048K, 16 young (32768K), 2 survivors (4096K)
 Metaspace       used 28556K, committed 28928K, reserved 1114112K
  class space    used 3248K, committed 3456K, reserved 1048576K
}
Event: 19.738 GC heap after
{Heap after GC invocations=9 (full 0):
 garbage-first heap   total 69632K, used 24576K [0x0000000716e00000, 0x0000000800000000)
  region size 2048K, 2 young (4096K), 2 survivors (4096K)
 Metaspace       used 28556K, committed 28928K, reserved 1114112K
  class space    used 3248K, committed 3456K, reserved 1048576K
}
Event: 20.847 GC heap before
{Heap before GC invocations=9 (full 0):
 garbage-first heap   total 69632K, used 55296K [0x0000000716e00000, 0x0000000800000000)
  region size 2048K, 16 young (32768K), 2 survivors (4096K)
 Metaspace       used 34206K, committed 34496K, reserved 1114112K
  class space    used 3928K, committed 4096K, reserved 1048576K
}
Event: 20.866 GC heap after
{Heap after GC invocations=10 (full 0):
 garbage-first heap   total 69632K, used 33939K [0x0000000716e00000, 0x0000000800000000)
  region size 2048K, 2 young (4096K), 2 survivors (4096K)
 Metaspace       used 34206K, committed 34496K, reserved 1114112K
  class space    used 3928K, committed 4096K, reserved 1048576K
}
Event: 21.008 GC heap before
{Heap before GC invocations=10 (full 0):
 garbage-first heap   total 69632K, used 50323K [0x0000000716e00000, 0x0000000800000000)
  region size 2048K, 10 young (20480K), 2 survivors (4096K)
 Metaspace       used 34218K, committed 34560K, reserved 1114112K
  class space    used 3928K, committed 4096K, reserved 1048576K
}
Event: 21.018 GC heap after
{Heap after GC invocations=11 (full 0):
 garbage-first heap   total 83968K, used 39570K [0x0000000716e00000, 0x0000000800000000)
  region size 2048K, 2 young (4096K), 2 survivors (4096K)
 Metaspace       used 34218K, committed 34560K, reserved 1114112K
  class space    used 3928K, committed 4096K, reserved 1048576K
}
Event: 21.139 GC heap before
{Heap before GC invocations=11 (full 0):
 garbage-first heap   total 83968K, used 58002K [0x0000000716e00000, 0x0000000800000000)
  region size 2048K, 11 young (22528K), 2 survivors (4096K)
 Metaspace       used 34228K, committed 34560K, reserved 1114112K
  class space    used 3928K, committed 4096K, reserved 1048576K
}
Event: 21.150 GC heap after
{Heap after GC invocations=12 (full 0):
 garbage-first heap   total 83968K, used 45056K [0x0000000716e00000, 0x0000000800000000)
  region size 2048K, 2 young (4096K), 2 survivors (4096K)
 Metaspace       used 34228K, committed 34560K, reserved 1114112K
  class space    used 3928K, committed 4096K, reserved 1048576K
}
Event: 21.373 GC heap before
{Heap before GC invocations=12 (full 0):
 garbage-first heap   total 83968K, used 59392K [0x0000000716e00000, 0x0000000800000000)
  region size 2048K, 9 young (18432K), 2 survivors (4096K)
 Metaspace       used 34795K, committed 35136K, reserved 1114112K
  class space    used 3996K, committed 4160K, reserved 1048576K
}
Event: 21.383 GC heap after
{Heap after GC invocations=13 (full 0):
 garbage-first heap   total 83968K, used 50047K [0x0000000716e00000, 0x0000000800000000)
  region size 2048K, 2 young (4096K), 2 survivors (4096K)
 Metaspace       used 34795K, committed 35136K, reserved 1114112K
  class space    used 3996K, committed 4160K, reserved 1048576K
}
Event: 21.735 GC heap before
{Heap before GC invocations=14 (full 0):
 garbage-first heap   total 92160K, used 60287K [0x0000000716e00000, 0x0000000800000000)
  region size 2048K, 8 young (16384K), 2 survivors (4096K)
 Metaspace       used 35195K, committed 35456K, reserved 1114112K
  class space    used 4032K, committed 4160K, reserved 1048576K
}
Event: 21.745 GC heap after
{Heap after GC invocations=15 (full 0):
 garbage-first heap   total 92160K, used 50058K [0x0000000716e00000, 0x0000000800000000)
  region size 2048K, 1 young (2048K), 1 survivors (2048K)
 Metaspace       used 35195K, committed 35456K, reserved 1114112K
  class space    used 4032K, committed 4160K, reserved 1048576K
}
Event: 22.414 GC heap before
{Heap before GC invocations=15 (full 0):
 garbage-first heap   total 92160K, used 64394K [0x0000000716e00000, 0x0000000800000000)
  region size 2048K, 9 young (18432K), 1 survivors (2048K)
 Metaspace       used 36012K, committed 36352K, reserved 1114112K
  class space    used 4133K, committed 4288K, reserved 1048576K
}
Event: 22.422 GC heap after
{Heap after GC invocations=16 (full 0):
 garbage-first heap   total 92160K, used 50772K [0x0000000716e00000, 0x0000000800000000)
  region size 2048K, 2 young (4096K), 2 survivors (4096K)
 Metaspace       used 36012K, committed 36352K, reserved 1114112K
  class space    used 4133K, committed 4288K, reserved 1048576K
}
Event: 22.860 GC heap before
{Heap before GC invocations=17 (full 0):
 garbage-first heap   total 100352K, used 67156K [0x0000000716e00000, 0x0000000800000000)
  region size 2048K, 10 young (20480K), 2 survivors (4096K)
 Metaspace       used 36989K, committed 37312K, reserved 1114112K
  class space    used 4245K, committed 4416K, reserved 1048576K
}
Event: 22.867 GC heap after
{Heap after GC invocations=18 (full 0):
 garbage-first heap   total 100352K, used 51118K [0x0000000716e00000, 0x0000000800000000)
  region size 2048K, 1 young (2048K), 1 survivors (2048K)
 Metaspace       used 36989K, committed 37312K, reserved 1114112K
  class space    used 4245K, committed 4416K, reserved 1048576K
}
Event: 23.630 GC heap before
{Heap before GC invocations=18 (full 0):
 garbage-first heap   total 100352K, used 73646K [0x0000000716e00000, 0x0000000800000000)
  region size 2048K, 13 young (26624K), 1 survivors (2048K)
 Metaspace       used 38844K, committed 39232K, reserved 1114112K
  class space    used 4479K, committed 4672K, reserved 1048576K
}
Event: 23.639 GC heap after
{Heap after GC invocations=19 (full 0):
 garbage-first heap   total 161792K, used 52899K [0x0000000716e00000, 0x0000000800000000)
  region size 2048K, 2 young (4096K), 2 survivors (4096K)
 Metaspace       used 38844K, committed 39232K, reserved 1114112K
  class space    used 4479K, committed 4672K, reserved 1048576K
}

Dll operation events (10 events):
Event: 0.010 Loaded shared library C:\Users\Shree\.jdks\ms-17.0.17\bin\java.dll
Event: 0.029 Loaded shared library C:\Users\Shree\.jdks\ms-17.0.17\bin\jsvml.dll
Event: 0.076 Loaded shared library C:\Users\Shree\.jdks\ms-17.0.17\bin\net.dll
Event: 0.079 Loaded shared library C:\Users\Shree\.jdks\ms-17.0.17\bin\nio.dll
Event: 0.082 Loaded shared library C:\Users\Shree\.jdks\ms-17.0.17\bin\zip.dll
Event: 0.300 Loaded shared library C:\Users\Shree\.jdks\ms-17.0.17\bin\jimage.dll
Event: 0.301 Loaded shared library C:\Program Files\JetBrains\IntelliJ IDEA Community Edition 2025.2.6.1\plugins\maven\lib\maven3\lib\jansi-native\Windows\x86_64\jansi.dll
Event: 0.326 Loaded shared library C:\Users\Shree\.jdks\ms-17.0.17\bin\verify.dll
Event: 9.831 Loaded shared library C:\Users\Shree\.jdks\ms-17.0.17\bin\extnet.dll
Event: 9.871 Loaded shared library C:\Users\Shree\.jdks\ms-17.0.17\bin\sunmscapi.dll

Deoptimization events (20 events):
Event: 23.537 Thread 0x00000271ae586a80 Uncommon trap: trap_request=0xffffffde fr.pc=0x00000271bdffe014 relative=0x00000000000001d4
Event: 23.537 Thread 0x00000271ae586a80 Uncommon trap: reason=class_check action=maybe_recompile pc=0x00000271bdffe014 method=com.sun.tools.javac.code.Type.containsAny(Lcom/sun/tools/javac/util/List;)Z @ 20 c2
Event: 23.537 Thread 0x00000271ae586a80 DEOPT PACKING pc=0x00000271bdffe014 sp=0x000000cd4abfbea0
Event: 23.537 Thread 0x00000271ae586a80 DEOPT UNPACKING pc=0x00000271bd6869a3 sp=0x000000cd4abfbe30 mode 2
Event: 23.539 Thread 0x00000271ae586a80 Uncommon trap: trap_request=0xffffffc6 fr.pc=0x00000271bdfeffcc relative=0x000000000000124c
Event: 23.539 Thread 0x00000271ae586a80 Uncommon trap: reason=bimorphic_or_optimized_type_check action=maybe_recompile pc=0x00000271bdfeffcc method=java.util.HashMap.removeNode(ILjava/lang/Object;Ljava/lang/Object;ZZ)Ljava/util/HashMap$Node; @ 68 c2
Event: 23.539 Thread 0x00000271ae586a80 DEOPT PACKING pc=0x00000271bdfeffcc sp=0x000000cd4abfbed0
Event: 23.539 Thread 0x00000271ae586a80 DEOPT UNPACKING pc=0x00000271bd6869a3 sp=0x000000cd4abfbdf8 mode 2
Event: 23.550 Thread 0x00000271ae586a80 Uncommon trap: trap_request=0xffffffc6 fr.pc=0x00000271bdfd1238 relative=0x0000000000001618
Event: 23.550 Thread 0x00000271ae586a80 Uncommon trap: reason=bimorphic_or_optimized_type_check action=maybe_recompile pc=0x00000271bdfd1238 method=java.util.HashMap.computeIfAbsent(Ljava/lang/Object;Ljava/util/function/Function;)Ljava/lang/Object; @ 142 c2
Event: 23.550 Thread 0x00000271ae586a80 DEOPT PACKING pc=0x00000271bdfd1238 sp=0x000000cd4abfafe0
Event: 23.550 Thread 0x00000271ae586a80 DEOPT UNPACKING pc=0x00000271bd6869a3 sp=0x000000cd4abfafa8 mode 2
Event: 23.562 Thread 0x00000271ae586a80 Uncommon trap: trap_request=0xffffffc6 fr.pc=0x00000271bdfeffcc relative=0x000000000000124c
Event: 23.562 Thread 0x00000271ae586a80 Uncommon trap: reason=bimorphic_or_optimized_type_check action=maybe_recompile pc=0x00000271bdfeffcc method=java.util.HashMap.removeNode(ILjava/lang/Object;Ljava/lang/Object;ZZ)Ljava/util/HashMap$Node; @ 68 c2
Event: 23.562 Thread 0x00000271ae586a80 DEOPT PACKING pc=0x00000271bdfeffcc sp=0x000000cd4abfbed0
Event: 23.562 Thread 0x00000271ae586a80 DEOPT UNPACKING pc=0x00000271bd6869a3 sp=0x000000cd4abfbdf8 mode 2
Event: 23.646 Thread 0x00000271ae586a80 Uncommon trap: trap_request=0xffffff45 fr.pc=0x00000271bdca7648 relative=0x00000000000001a8
Event: 23.647 Thread 0x00000271ae586a80 Uncommon trap: reason=unstable_if action=reinterpret pc=0x00000271bdca7648 method=java.util.WeakHashMap.expungeStaleEntries()V @ 9 c2
Event: 23.647 Thread 0x00000271ae586a80 DEOPT PACKING pc=0x00000271bdca7648 sp=0x000000cd4abfd540
Event: 23.647 Thread 0x00000271ae586a80 DEOPT UNPACKING pc=0x00000271bd6869a3 sp=0x000000cd4abfd4d8 mode 2

Classes loaded (20 events):
Event: 23.201 Loading class java/util/function/ToIntBiFunction
Event: 23.201 Loading class java/util/function/ToIntBiFunction done
Event: 23.388 Loading class java/util/EnumMap$EntrySet
Event: 23.388 Loading class java/util/EnumMap$EntrySet done
Event: 23.388 Loading class java/util/EnumMap$EntryIterator
Event: 23.388 Loading class java/util/EnumMap$EnumMapIterator
Event: 23.388 Loading class java/util/EnumMap$EnumMapIterator done
Event: 23.388 Loading class java/util/EnumMap$EntryIterator done
Event: 23.389 Loading class java/util/EnumMap$EntryIterator$Entry
Event: 23.389 Loading class java/util/EnumMap$EntryIterator$Entry done
Event: 23.582 Loading class java/util/stream/ReduceOps$2
Event: 23.583 Loading class java/util/stream/ReduceOps$2 done
Event: 23.583 Loading class java/util/stream/ReduceOps$2ReducingSink
Event: 23.583 Loading class java/util/stream/ReduceOps$2ReducingSink done
Event: 23.671 Loading class java/util/EnumMap$Values
Event: 23.672 Loading class java/util/EnumMap$Values done
Event: 23.672 Loading class java/util/EnumMap$ValueIterator
Event: 23.672 Loading class java/util/EnumMap$ValueIterator done
Event: 23.672 Loading class java/util/WeakHashMap$KeyIterator
Event: 23.672 Loading class java/util/WeakHashMap$KeyIterator done

Classes unloaded (0 events):
No events

Classes redefined (0 events):
No events

Internal exceptions (20 events):
Event: 23.525 Thread 0x00000271ae586a80 Exception <a 'java/lang/NoSuchMethodError'{0x000000071b617318}: 'java.lang.Object java.lang.invoke.DirectMethodHandle$Holder.invokeSpecial(java.lang.Object, java.lang.Object, java.lang.Object, java.lang.Object, java.lang.Object, java.lang.Object, java.lang.Object, java.lang.Object, int)'> (0x000000071b617318) 
thrown [s\src\hotspot\share\interpreter\linkResolver.cpp, line 759]
Event: 23.590 Thread 0x00000271ae586a80 Exception <a 'sun/nio/fs/WindowsException'{0x000000071b768c08}> (0x000000071b768c08) 
thrown [s\src\hotspot\share\prims\jni.cpp, line 516]
Event: 23.590 Thread 0x00000271ae586a80 Exception <a 'sun/nio/fs/WindowsException'{0x000000071b769300}> (0x000000071b769300) 
thrown [s\src\hotspot\share\prims\jni.cpp, line 516]
Event: 23.590 Thread 0x00000271ae586a80 Exception <a 'sun/nio/fs/WindowsException'{0x000000071b769cf0}> (0x000000071b769cf0) 
thrown [s\src\hotspot\share\prims\jni.cpp, line 516]
Event: 23.590 Thread 0x00000271ae586a80 Exception <a 'sun/nio/fs/WindowsException'{0x000000071b76a498}> (0x000000071b76a498) 
thrown [s\src\hotspot\share\prims\jni.cpp, line 516]
Event: 23.628 Thread 0x00000271ae586a80 Exception <a 'sun/nio/fs/WindowsException'{0x000000071b7f8aa8}> (0x000000071b7f8aa8) 
thrown [s\src\hotspot\share\prims\jni.cpp, line 516]
Event: 23.628 Thread 0x00000271ae586a80 Exception <a 'sun/nio/fs/WindowsException'{0x000000071b7f9190}> (0x000000071b7f9190) 
thrown [s\src\hotspot\share\prims\jni.cpp, line 516]
Event: 23.628 Thread 0x00000271ae586a80 Exception <a 'sun/nio/fs/WindowsException'{0x000000071b7f9b28}> (0x000000071b7f9b28) 
thrown [s\src\hotspot\share\prims\jni.cpp, line 516]
Event: 23.628 Thread 0x00000271ae586a80 Exception <a 'sun/nio/fs/WindowsException'{0x000000071b7fa2c0}> (0x000000071b7fa2c0) 
thrown [s\src\hotspot\share\prims\jni.cpp, line 516]
Event: 23.651 Thread 0x00000271ae586a80 Exception <a 'sun/nio/fs/WindowsException'{0x0000000725682fc0}> (0x0000000725682fc0) 
thrown [s\src\hotspot\share\prims\jni.cpp, line 516]
Event: 23.651 Thread 0x00000271ae586a80 Exception <a 'sun/nio/fs/WindowsException'{0x00000007256836c0}> (0x00000007256836c0) 
thrown [s\src\hotspot\share\prims\jni.cpp, line 516]
Event: 23.651 Thread 0x00000271ae586a80 Exception <a 'sun/nio/fs/WindowsException'{0x00000007256840b8}> (0x00000007256840b8) 
thrown [s\src\hotspot\share\prims\jni.cpp, line 516]
Event: 23.651 Thread 0x00000271ae586a80 Exception <a 'sun/nio/fs/WindowsException'{0x0000000725684868}> (0x0000000725684868) 
thrown [s\src\hotspot\share\prims\jni.cpp, line 516]
Event: 23.663 Thread 0x00000271ae586a80 Exception <a 'sun/nio/fs/WindowsException'{0x00000007256b4c50}> (0x00000007256b4c50) 
thrown [s\src\hotspot\share\prims\jni.cpp, line 516]
Event: 23.664 Thread 0x00000271ae586a80 Exception <a 'sun/nio/fs/WindowsException'{0x00000007256b5350}> (0x00000007256b5350) 
thrown [s\src\hotspot\share\prims\jni.cpp, line 516]
Event: 23.664 Thread 0x00000271ae586a80 Exception <a 'sun/nio/fs/WindowsException'{0x00000007256b5d60}> (0x00000007256b5d60) 
thrown [s\src\hotspot\share\prims\jni.cpp, line 516]
Event: 23.664 Thread 0x00000271ae586a80 Exception <a 'sun/nio/fs/WindowsException'{0x00000007256b6508}> (0x00000007256b6508) 
thrown [s\src\hotspot\share\prims\jni.cpp, line 516]
Event: 23.669 Thread 0x00000271ae586a80 Exception <a 'sun/nio/fs/WindowsException'{0x00000007256c6a18}> (0x00000007256c6a18) 
thrown [s\src\hotspot\share\prims\jni.cpp, line 516]
Event: 23.669 Thread 0x00000271ae586a80 Exception <a 'sun/nio/fs/WindowsException'{0x00000007256c7100}> (0x00000007256c7100) 
thrown [s\src\hotspot\share\prims\jni.cpp, line 516]
Event: 23.669 Thread 0x00000271ae586a80 Exception <a 'sun/nio/fs/WindowsException'{0x00000007256c7a98}> (0x00000007256c7a98) 
thrown [s\src\hotspot\share\prims\jni.cpp, line 516]

VM Operations (20 events):
Event: 22.512 Executing VM operation: G1PauseCleanup
Event: 22.512 Executing VM operation: G1PauseCleanup done
Event: 22.859 Executing VM operation: G1CollectForAllocation
Event: 22.868 Executing VM operation: G1CollectForAllocation done
Event: 23.090 Executing VM operation: ICBufferFull
Event: 23.091 Executing VM operation: ICBufferFull done
Event: 23.140 Executing VM operation: HandshakeAllThreads
Event: 23.140 Executing VM operation: HandshakeAllThreads done
Event: 23.143 Executing VM operation: HandshakeAllThreads
Event: 23.143 Executing VM operation: HandshakeAllThreads done
Event: 23.207 Executing VM operation: ICBufferFull
Event: 23.207 Executing VM operation: ICBufferFull done
Event: 23.321 Executing VM operation: HandshakeAllThreads
Event: 23.321 Executing VM operation: HandshakeAllThreads done
Event: 23.323 Executing VM operation: HandshakeAllThreads
Event: 23.323 Executing VM operation: HandshakeAllThreads done
Event: 23.542 Executing VM operation: ICBufferFull
Event: 23.542 Executing VM operation: ICBufferFull done
Event: 23.630 Executing VM operation: G1CollectForAllocation
Event: 23.639 Executing VM operation: G1CollectForAllocation done

Memory protections (0 events):
No events

Nmethod flushes (20 events):
Event: 16.472 Thread 0x00000271d0981b80 flushing  nmethod 0x00000271b6ad5f90
Event: 16.472 Thread 0x00000271d0981b80 flushing  nmethod 0x00000271b6ade590
Event: 16.472 Thread 0x00000271d0981b80 flushing  nmethod 0x00000271b6adfc10
Event: 16.472 Thread 0x00000271d0981b80 flushing  nmethod 0x00000271b6ae1090
Event: 16.472 Thread 0x00000271d0981b80 flushing  nmethod 0x00000271b6ae1410
Event: 16.472 Thread 0x00000271d0981b80 flushing  nmethod 0x00000271b6ae6790
Event: 16.472 Thread 0x00000271d0981b80 flushing  nmethod 0x00000271b6af9d10
Event: 16.472 Thread 0x00000271d0981b80 flushing  nmethod 0x00000271b6afda90
Event: 16.472 Thread 0x00000271d0981b80 flushing  nmethod 0x00000271b6b04a90
Event: 16.472 Thread 0x00000271d0981b80 flushing  nmethod 0x00000271b6b10790
Event: 16.472 Thread 0x00000271d0981b80 flushing  nmethod 0x00000271b6b64810
Event: 16.473 Thread 0x00000271d0981b80 flushing  nmethod 0x00000271b6c05c90
Event: 16.474 Thread 0x00000271d0981b80 flushing  nmethod 0x00000271b6cc0b90
Event: 16.474 Thread 0x00000271d0981b80 flushing  nmethod 0x00000271b6cc1010
Event: 16.474 Thread 0x00000271d0981b80 flushing  nmethod 0x00000271b6cc9a10
Event: 22.307 Thread 0x00000271d0981b80 flushing  nmethod 0x00000271b64be390
Event: 22.308 Thread 0x00000271d0981b80 flushing  nmethod 0x00000271b66d4f90
Event: 22.308 Thread 0x00000271d0981b80 flushing  nmethod 0x00000271b66d9910
Event: 22.310 Thread 0x00000271d0981b80 flushing  nmethod 0x00000271b69c3690
Event: 22.312 Thread 0x00000271d0981b80 flushing  nmethod 0x00000271b6cc7790

Events (20 events):
Event: 17.077 Thread 0x00000271ae586a80 Thread added: 0x000002721656d8d0
Event: 17.077 Thread 0x00000271ae586a80 Thread added: 0x0000027217bb3c70
Event: 17.077 Thread 0x00000271ae586a80 Thread added: 0x0000027217bb50b0
Event: 17.078 Thread 0x00000271ae586a80 Thread added: 0x0000027217bb4180
Event: 17.078 Thread 0x0000027217156a00 Thread exited: 0x0000027217156a00
Event: 17.100 Thread 0x00000271d0981270 Thread added: 0x0000027217156a00
Event: 17.105 Thread 0x00000271d0981270 Thread added: 0x0000027217479ed0
Event: 17.994 Thread 0x0000027217bb4180 Thread exited: 0x0000027217bb4180
Event: 17.994 Thread 0x0000027217bb50b0 Thread exited: 0x0000027217bb50b0
Event: 17.994 Thread 0x0000027217bb3c70 Thread exited: 0x0000027217bb3c70
Event: 17.994 Thread 0x000002721656d8d0 Thread exited: 0x000002721656d8d0
Event: 17.994 Thread 0x0000027217479ed0 Thread exited: 0x0000027217479ed0
Event: 17.994 Thread 0x0000027216da0400 Thread exited: 0x0000027216da0400
Event: 18.160 Thread 0x0000027217156a00 Thread exited: 0x0000027217156a00
Event: 20.195 Thread 0x00000271d0981270 Thread added: 0x0000027217156a00
Event: 20.335 Thread 0x00000271d095f940 Thread added: 0x0000027216b09bf0
Event: 20.582 Thread 0x0000027216b09bf0 Thread exited: 0x0000027216b09bf0
Event: 20.733 Thread 0x00000271d0981270 Thread added: 0x0000027216ae9870
Event: 22.480 Thread 0x0000027216ae9870 Thread exited: 0x0000027216ae9870
Event: 22.734 Thread 0x00000271d0981270 Thread added: 0x000002721660f040


Dynamic libraries:
0x00007ff7e6e50000 - 0x00007ff7e6e5e000 	C:\Users\Shree\.jdks\ms-17.0.17\bin\java.exe
0x00007ffc555a0000 - 0x00007ffc55808000 	C:\WINDOWS\SYSTEM32\ntdll.dll
0x00007ffc54500000 - 0x00007ffc545c9000 	C:\WINDOWS\System32\KERNEL32.DLL
0x00007ffc52f40000 - 0x00007ffc53331000 	C:\WINDOWS\System32\KERNELBASE.dll
0x00007ffc52140000 - 0x00007ffc5228b000 	C:\WINDOWS\System32\ucrtbase.dll
0x00007ffc3d980000 - 0x00007ffc3d998000 	C:\Users\Shree\.jdks\ms-17.0.17\bin\jli.dll
0x00007ffc3d960000 - 0x00007ffc3d97e000 	C:\Users\Shree\.jdks\ms-17.0.17\bin\VCRUNTIME140.dll
0x00007ffc54740000 - 0x00007ffc54906000 	C:\WINDOWS\System32\USER32.dll
0x00007ffc3b080000 - 0x00007ffc3b313000 	C:\WINDOWS\WinSxS\amd64_microsoft.windows.common-controls_6595b64144ccf1df_6.0.26100.7705_none_3e06597ae3363b04\COMCTL32.dll
0x00007ffc52290000 - 0x00007ffc522b7000 	C:\WINDOWS\System32\win32u.dll
0x00007ffc540d0000 - 0x00007ffc54179000 	C:\WINDOWS\System32\msvcrt.dll
0x00007ffc55410000 - 0x00007ffc5543b000 	C:\WINDOWS\System32\GDI32.dll
0x00007ffc52d60000 - 0x00007ffc52e8b000 	C:\WINDOWS\System32\gdi32full.dll
0x00007ffc52e90000 - 0x00007ffc52f33000 	C:\WINDOWS\System32\msvcp_win.dll
0x00007ffc54a00000 - 0x00007ffc54a31000 	C:\WINDOWS\System32\IMM32.DLL
0x00007ffc3d950000 - 0x00007ffc3d95c000 	C:\Users\Shree\.jdks\ms-17.0.17\bin\vcruntime140_1.dll
0x00007ffbf6890000 - 0x00007ffbf6919000 	C:\Users\Shree\.jdks\ms-17.0.17\bin\msvcp140.dll
0x00007ffbbb4c0000 - 0x00007ffbbc13a000 	C:\Users\Shree\.jdks\ms-17.0.17\bin\server\jvm.dll
0x00007ffc54180000 - 0x00007ffc54234000 	C:\WINDOWS\System32\ADVAPI32.dll
0x00007ffc55360000 - 0x00007ffc55406000 	C:\WINDOWS\System32\sechost.dll
0x00007ffc54290000 - 0x00007ffc543a8000 	C:\WINDOWS\System32\RPCRT4.dll
0x00007ffc54c50000 - 0x00007ffc54cc4000 	C:\WINDOWS\System32\WS2_32.dll
0x00007ffc51ce0000 - 0x00007ffc51d3e000 	C:\WINDOWS\SYSTEM32\POWRPROF.dll
0x00007ffc411d0000 - 0x00007ffc411db000 	C:\WINDOWS\SYSTEM32\VERSION.dll
0x00007ffc3dcd0000 - 0x00007ffc3dd05000 	C:\WINDOWS\SYSTEM32\WINMM.dll
0x00007ffc51cc0000 - 0x00007ffc51cd4000 	C:\WINDOWS\SYSTEM32\UMPDC.dll
0x00007ffc50c30000 - 0x00007ffc50c4b000 	C:\WINDOWS\SYSTEM32\kernel.appcore.dll
0x00007ffc3d350000 - 0x00007ffc3d35a000 	C:\Users\Shree\.jdks\ms-17.0.17\bin\jimage.dll
0x00007ffc500a0000 - 0x00007ffc502e2000 	C:\WINDOWS\SYSTEM32\DBGHELP.DLL
0x00007ffc54df0000 - 0x00007ffc55176000 	C:\WINDOWS\System32\combase.dll
0x00007ffc54920000 - 0x00007ffc549f7000 	C:\WINDOWS\System32\OLEAUT32.dll
0x00007ffc2ded0000 - 0x00007ffc2df0b000 	C:\WINDOWS\SYSTEM32\dbgcore.DLL
0x00007ffc52cb0000 - 0x00007ffc52d55000 	C:\WINDOWS\System32\bcryptPrimitives.dll
0x00007ffbfc260000 - 0x00007ffbfc286000 	C:\Users\Shree\.jdks\ms-17.0.17\bin\java.dll
0x00007ffbcef50000 - 0x00007ffbcf026000 	C:\Users\Shree\.jdks\ms-17.0.17\bin\jsvml.dll
0x00007ffc53970000 - 0x00007ffc540c1000 	C:\WINDOWS\System32\SHELL32.dll
0x00007ffc51fd0000 - 0x00007ffc5213a000 	C:\WINDOWS\System32\wintypes.dll
0x00007ffc52440000 - 0x00007ffc52ca2000 	C:\WINDOWS\System32\windows.storage.dll
0x00007ffc55460000 - 0x00007ffc55556000 	C:\WINDOWS\System32\SHCORE.dll
0x00007ffc54b40000 - 0x00007ffc54ba7000 	C:\WINDOWS\System32\shlwapi.dll
0x00007ffc51da0000 - 0x00007ffc51dc9000 	C:\WINDOWS\SYSTEM32\profapi.dll
0x00007ffc35b40000 - 0x00007ffc35b5b000 	C:\Users\Shree\.jdks\ms-17.0.17\bin\net.dll
0x00007ffc4a470000 - 0x00007ffc4a597000 	C:\WINDOWS\SYSTEM32\WINHTTP.dll
0x00007ffc511a0000 - 0x00007ffc5120b000 	C:\WINDOWS\system32\mswsock.dll
0x00007ffc2cea0000 - 0x00007ffc2ceb6000 	C:\Users\Shree\.jdks\ms-17.0.17\bin\nio.dll
0x00007ffc27620000 - 0x00007ffc27638000 	C:\Users\Shree\.jdks\ms-17.0.17\bin\zip.dll
0x00007ffc177e0000 - 0x00007ffc17804000 	C:\Program Files\JetBrains\IntelliJ IDEA Community Edition 2025.2.6.1\plugins\maven\lib\maven3\lib\jansi-native\Windows\x86_64\jansi.dll
0x00007ffc3cf70000 - 0x00007ffc3cf80000 	C:\Users\Shree\.jdks\ms-17.0.17\bin\verify.dll
0x00007ffc51460000 - 0x00007ffc5147b000 	C:\WINDOWS\SYSTEM32\CRYPTSP.dll
0x00007ffc50b90000 - 0x00007ffc50bc9000 	C:\WINDOWS\system32\rsaenh.dll
0x00007ffc51250000 - 0x00007ffc5127b000 	C:\WINDOWS\SYSTEM32\USERENV.dll
0x00007ffc51d70000 - 0x00007ffc51d9a000 	C:\WINDOWS\SYSTEM32\bcrypt.dll
0x00007ffc51480000 - 0x00007ffc5148c000 	C:\WINDOWS\SYSTEM32\CRYPTBASE.dll
0x00007ffc50700000 - 0x00007ffc50734000 	C:\WINDOWS\SYSTEM32\IPHLPAPI.DLL
0x00007ffc54910000 - 0x00007ffc5491a000 	C:\WINDOWS\System32\NSI.dll
0x00007ffc4bf20000 - 0x00007ffc4bf3e000 	C:\WINDOWS\SYSTEM32\dhcpcsvc6.DLL
0x00007ffc4bef0000 - 0x00007ffc4bf13000 	C:\WINDOWS\SYSTEM32\dhcpcsvc.DLL
0x00007ffc507e0000 - 0x00007ffc5090c000 	C:\WINDOWS\SYSTEM32\DNSAPI.dll
0x00007ffc461d0000 - 0x00007ffc461db000 	C:\Windows\System32\rasadhlp.dll
0x00007ffc4c170000 - 0x00007ffc4c1f6000 	C:\WINDOWS\System32\fwpuclnt.dll
0x00007ffc35b30000 - 0x00007ffc35b39000 	C:\Users\Shree\.jdks\ms-17.0.17\bin\extnet.dll
0x00007ffc358d0000 - 0x00007ffc358de000 	C:\Users\Shree\.jdks\ms-17.0.17\bin\sunmscapi.dll
0x00007ffc522c0000 - 0x00007ffc52437000 	C:\WINDOWS\System32\CRYPT32.dll
0x00007ffc51680000 - 0x00007ffc516b0000 	C:\WINDOWS\SYSTEM32\ncrypt.dll
0x00007ffc51630000 - 0x00007ffc5166f000 	C:\WINDOWS\SYSTEM32\NTASN1.dll
0x00007ffc50d50000 - 0x00007ffc50d86000 	C:\WINDOWS\SYSTEM32\ntmarta.dll

dbghelp: loaded successfully - version: 4.0.5 - missing functions: none
symbol engine: initialized successfully - sym options: 0x614 - pdb path: .;C:\Users\Shree\.jdks\ms-17.0.17\bin;C:\WINDOWS\SYSTEM32;C:\WINDOWS\WinSxS\amd64_microsoft.windows.common-controls_6595b64144ccf1df_6.0.26100.7705_none_3e06597ae3363b04;C:\Users\Shree\.jdks\ms-17.0.17\bin\server;C:\Program Files\JetBrains\IntelliJ IDEA Community Edition 2025.2.6.1\plugins\maven\lib\maven3\lib\jansi-native\Windows\x86_64

VM Arguments:
jvm_args: -Dclassworlds.conf=C:\Program Files\JetBrains\IntelliJ IDEA Community Edition 2025.2.6.1\plugins\maven\lib\maven3\bin\m2.conf -Dmaven.home=C:\Program Files\JetBrains\IntelliJ IDEA Community Edition 2025.2.6.1\plugins\maven\lib\maven3 -Dlibrary.jansi.path=C:\Program Files\JetBrains\IntelliJ IDEA Community Edition 2025.2.6.1\plugins\maven\lib\maven3\lib\jansi-native -Dmaven.multiModuleProjectDirectory=D:\Intellij_Project\eCommerce\inventory-services 
java_command: org.codehaus.plexus.classworlds.launcher.Launcher -Didea.version=2025.2.6.1 -Dmaven.ext.class.path=C:\Program Files\JetBrains\IntelliJ IDEA Community Edition 2025.2.6.1\plugins\maven\lib\maven-event-listener.jar -Djansi.passthrough=true -Dstyle.color=always -DskipTests=true -Dmaven.repo.local=C:\Users\Shree\.m2\repository clean install
java_class_path (initial): C:\Program Files\JetBrains\IntelliJ IDEA Community Edition 2025.2.6.1\plugins\maven\lib\maven3\boot\plexus-classworlds-2.8.0.jar
Launcher Type: SUN_STANDARD

[Global flags]
     intx CICompilerCount                          = 4                                         {product} {ergonomic}
     uint ConcGCThreads                            = 2                                         {product} {ergonomic}
     uint G1ConcRefinementThreads                  = 8                                         {product} {ergonomic}
   size_t G1HeapRegionSize                         = 2097152                                   {product} {ergonomic}
    uintx GCDrainStackTargetSize                   = 64                                        {product} {ergonomic}
   size_t InitialHeapSize                          = 245366784                                 {product} {ergonomic}
   size_t MarkStackSize                            = 4194304                                   {product} {ergonomic}
   size_t MaxHeapSize                              = 3911188480                                {product} {ergonomic}
   size_t MaxNewSize                               = 2346713088                                {product} {ergonomic}
   size_t MinHeapDeltaBytes                        = 2097152                                   {product} {ergonomic}
   size_t MinHeapSize                              = 8388608                                   {product} {ergonomic}
    uintx NonNMethodCodeHeapSize                   = 5839372                                {pd product} {ergonomic}
    uintx NonProfiledCodeHeapSize                  = 122909434                              {pd product} {ergonomic}
    uintx ProfiledCodeHeapSize                     = 122909434                              {pd product} {ergonomic}
    uintx ReservedCodeCacheSize                    = 251658240                              {pd product} {ergonomic}
     bool SegmentedCodeCache                       = true                                      {product} {ergonomic}
   size_t SoftMaxHeapSize                          = 3911188480                             {manageable} {ergonomic}
     bool UseCompressedClassPointers               = true                           {product lp64_product} {ergonomic}
     bool UseCompressedOops                        = true                           {product lp64_product} {ergonomic}
     bool UseG1GC                                  = true                                      {product} {ergonomic}
     bool UseLargePagesIndividualAllocation        = false                                  {pd product} {ergonomic}

Logging:
Log output configuration:
 #0: stdout all=warning uptime,level,tags
 #1: stderr all=off uptime,level,tags

Environment Variables:
JAVA_HOME=C:\Users\Shree\.jdks\ms-17.0.17
PATH=C:\Program Files\Common Files\Oracle\Java\javapath;C:\Python312\Scripts\;C:\Python312\;C:\WINDOWS\system32;C:\WINDOWS;C:\WINDOWS\System32\Wbem;C:\WINDOWS\System32\WindowsPowerShell\v1.0\;C:\WINDOWS\System32\OpenSSH\;C:\Program Files\nodejs\;C:\ProgramData\chocolatey\bin;C:\Program Files\Git\cmd;C:\Users\Shree\AppData\Local\Microsoft\WindowsApps;C:\Users\Shree\AppData\Roaming\npm;C:\Users\Shree\AppData\Local\Programs\Microsoft VS Code\bin;C:\Program Files\JetBrains\IntelliJ IDEA 2024.3.1\bin;;
USERNAME=Shree
OS=Windows_NT
PROCESSOR_IDENTIFIER=Intel64 Family 6 Model 142 Stepping 12, GenuineIntel
TMP=C:\Users\Shree\AppData\Local\Temp
TEMP=C:\Users\Shree\AppData\Local\Temp



Periodic native trim disabled


---------------  S Y S T E M  ---------------

OS:
 Windows 11 , 64 bit Build 26100 (10.0.26100.7705)
OS uptime: 8 days 11:07 hours

CPU: total 8 (initial active 8) (4 cores per cpu, 2 threads per core) family 6 model 142 stepping 12 microcode 0x100, cx8, cmov, fxsr, ht, mmx, 3dnowpref, sse, sse2, sse3, ssse3, sse4.1, sse4.2, popcnt, lzcnt, tsc, tscinvbit, avx, avx2, aes, erms, clmul, bmi1, bmi2, adx, fma, vzeroupper, clflush, clflushopt
Processor Information for the first 8 processors :
  Max Mhz: 2208, Current Mhz: 802, Mhz Limit: 794

Memory: 4k page, system-wide physical 14912M (3845M free)
TotalPageFile size 18752M (AvailPageFile size 5935M)
current process WorkingSet (physical memory assigned to process): 258M, peak: 261M
current process commit charge ("private bytes"): 359M, peak: 379M

vm_info: OpenJDK 64-Bit Server VM (17.0.17+10-LTS) for windows-amd64 JRE (17.0.17+10-LTS), built on Oct 13 2025 22:19:56 by "MicrosoftCorporation" with unknown MS VC++:1944

END.
